<?xml version="1.0" encoding="UTF-8"?>
<!-- Generated by org.testng.reporters.JUnitReportReporter -->
<testsuite skipped="0" hostname="Amol-VAIO" name="com.automationtest.APITest" tests="2" failures="0" timestamp="05 May 2019 05:18:18 GMT" time="0.020" errors="0">
  <testcase name="deleteTwitter" time="0.018" classname="com.automationtest.APITest"/>
  <testcase name="postJira" time="0.002" classname="com.automationtest.APITest"/>
</testsuite> <!-- com.automationtest.APITest -->
