<?xml version="1.0" encoding="UTF-8"?>
<!-- Generated by org.testng.reporters.JUnitReportReporter -->
<testsuite skipped="0" hostname="Amol-VAIO" name="com.automationtest.REST_APITest" tests="2" failures="0" timestamp="05 May 2019 05:42:30 GMT" time="0.000" errors="0">
  <testcase name="iosApp" time="0.000" classname="com.automationtest.REST_APITest"/>
  <testcase name="NativeAppAndroid" time="0.000" classname="com.automationtest.REST_APITest"/>
</testsuite> <!-- com.automationtest.REST_APITest -->
