<?xml version="1.0" encoding="UTF-8"?>
<!-- Generated by org.testng.reporters.JUnitReportReporter -->
<testsuite skipped="0" hostname="Amol-VAIO" name="com.automationtest.SeleniumTest" tests="2" failures="0" timestamp="05 May 2019 05:43:29 GMT" time="0.027" errors="0">
  <testcase name="BrowserLogin" time="0.026" classname="com.automationtest.SeleniumTest"/>
  <testcase name="BrowserTest" time="0.001" classname="com.automationtest.SeleniumTest"/>
</testsuite> <!-- com.automationtest.SeleniumTest -->
